2026-06-08 20:07:49,913 - [ INFO ] - --- INICIANDO WEB SCRAPING ---
2026-06-08 20:07:50,810 - [ INFO ] - Baixando: dashboardvbp202604.xlsx...
2026-06-08 20:07:53,241 - [ INFO ] - Baixando: 202604vbpbrasil.xlsx...
2026-06-08 20:07:55,041 - [ INFO ] - Baixando: 202603vbpbrasil.xlsx...
2026-06-08 20:07:56,273 - [ INFO ] - Baixando: 202602vbpbrasil.xlsx...
2026-06-08 20:07:57,629 - [ INFO ] - Baixando: 202601vbpbrasil.xlsx...
2026-06-08 20:07:58,865 - [ INFO ] - Baixando: 202512vbpbrasil.xlsx...
2026-06-08 20:08:00,243 - [ INFO ] - Baixando: 202511vbpbrasil.xlsx...
2026-06-08 20:08:01,489 - [ INFO ] - Baixando: 202510vbpbrasil1prog.xlsx...
2026-06-08 20:08:02,984 - [ INFO ] - Baixando: 202509vbpbrasil.xlsx...
2026-06-08 20:08:04,188 - [ INFO ] - Baixando: 202508vbpbrasil.xlsx...
2026-06-08 20:08:05,551 - [ INFO ] - Baixando: 202507vbpbrasil.xlsx...
2026-06-08 20:08:06,927 - [ INFO ] - Baixando: 202506vbpbrasil.xlsx...
2026-06-08 20:08:08,196 - [ INFO ] - Baixando: 202505vbpbrasil.xlsx...
2026-06-08 20:08:09,415 - [ INFO ] - Baixando: 202504vbpbrasil.xlsx...
2026-06-08 20:08:10,771 - [ INFO ] - Baixando: 202503vbpbrasil.xlsx...
2026-06-08 20:08:12,119 - [ INFO ] - Baixando: 202502vbpbrasil.xlsx...
2026-06-08 20:08:13,464 - [ INFO ] - Baixando: 202501vbpbrasil.xlsx...
2026-06-08 20:08:14,811 - [ INFO ] - Baixando: 202412vbpbrasil3prog.xlsx...
2026-06-08 20:08:16,178 - [ INFO ] - Baixando: 202411vbpbrasil2prog.xlsx...
2026-06-08 20:08:17,431 - [ INFO ] - Baixando: 202410vbpbrasil1prog.xlsx...
2026-06-08 20:08:18,798 - [ INFO ] - Baixando: copy_of_202409vbpbrasil.xlsx...
2026-06-08 20:08:20,072 - [ INFO ] - Baixando: 202408vbpbrasil.xlsx...
2026-06-08 20:08:21,292 - [ INFO ] - Baixando: 202407vbpbrasil.xlsx...
2026-06-08 20:08:22,521 - [ INFO ] - Baixando: 202406vbpbrasil.xlsx...
2026-06-08 20:08:23,759 - [ INFO ] - Baixando: 202405vbpbrasil.xlsx...
2026-06-08 20:08:24,994 - [ INFO ] - Baixando: 202404vbpbrasil.xlsx...
2026-06-08 20:08:26,150 - [ INFO ] - Baixando: 202403vbpbrasil.xlsx...
2026-06-08 20:08:27,399 - [ INFO ] - Baixando: 202402vbpbrasil.xlsx...
2026-06-08 20:08:28,617 - [ INFO ] - Baixando: 202401vbpbrasil.xlsx...
2026-06-08 20:08:29,830 - [ INFO ] - --- INICIANDO PROCESSAMENTO DE DADOS ---
2026-06-08 20:08:29,830 - [ WARNING ] - Nenhum arquivo encontrado com o padrão: *_volume_*.xls*
2026-06-08 20:08:29,831 - [ INFO ] - Lendo e empilhando planilha: tratado_vbp_202401vbpbrasil.xlsx (Versão: 2024 - 01)...
2026-06-08 20:08:30,078 - [ INFO ] - Lendo e empilhando planilha: tratado_vbp_202402vbpbrasil.xlsx (Versão: 2024 - 02)...
2026-06-08 20:08:30,141 - [ INFO ] - Lendo e empilhando planilha: tratado_vbp_202403vbpbrasil.xlsx (Versão: 2024 - 03)...
2026-06-08 20:08:30,202 - [ ERROR ] - Erro ao ler planilha /home/runner/work/AGCO-AgriIntel/AGCO-AgriIntel/downloads/tratado_vbp_202403vbpbrasil.xlsx: cannot reindex on an axis with duplicate labels
2026-06-08 20:08:30,202 - [ INFO ] - Lendo e empilhando planilha: tratado_vbp_202404vbpbrasil.xlsx (Versão: 2024 - 04)...
2026-06-08 20:08:30,261 - [ INFO ] - Lendo e empilhando planilha: tratado_vbp_202405vbpbrasil.xlsx (Versão: 2024 - 05)...
2026-06-08 20:08:30,323 - [ ERROR ] - Erro ao ler planilha /home/runner/work/AGCO-AgriIntel/AGCO-AgriIntel/downloads/tratado_vbp_202405vbpbrasil.xlsx: cannot reindex on an axis with duplicate labels
2026-06-08 20:08:30,323 - [ INFO ] - Lendo e empilhando planilha: tratado_vbp_202406vbpbrasil.xlsx (Versão: 2024 - 06)...
2026-06-08 20:08:30,432 - [ ERROR ] - Erro ao ler planilha /home/runner/work/AGCO-AgriIntel/AGCO-AgriIntel/downloads/tratado_vbp_202406vbpbrasil.xlsx: cannot reindex on an axis with duplicate labels
2026-06-08 20:08:30,432 - [ INFO ] - Lendo e empilhando planilha: tratado_vbp_202407vbpbrasil.xlsx (Versão: 2024 - 07)...
2026-06-08 20:08:30,500 - [ ERROR ] - Erro ao ler planilha /home/runner/work/AGCO-AgriIntel/AGCO-AgriIntel/downloads/tratado_vbp_202407vbpbrasil.xlsx: cannot reindex on an axis with duplicate labels
2026-06-08 20:08:30,500 - [ INFO ] - Lendo e empilhando planilha: tratado_vbp_202408vbpbrasil.xlsx (Versão: 2024 - 08)...
2026-06-08 20:08:30,560 - [ INFO ] - Lendo e empilhando planilha: tratado_vbp_202410vbpbrasil1prog.xlsx (Versão: 2024 - 10)...
2026-06-08 20:08:30,621 - [ INFO ] - Lendo e empilhando planilha: tratado_vbp_202411vbpbrasil2prog.xlsx (Versão: 2024 - 11)...
2026-06-08 20:08:30,719 - [ INFO ] - Lendo e empilhando planilha: tratado_vbp_202412vbpbrasil3prog.xlsx (Versão: 2024 - 12)...
2026-06-08 20:08:30,781 - [ INFO ] - Lendo e empilhando planilha: tratado_vbp_202501vbpbrasil.xlsx (Versão: 2025 - 01)...
2026-06-08 20:08:30,845 - [ INFO ] - Lendo e empilhando planilha: tratado_vbp_202502vbpbrasil.xlsx (Versão: 2025 - 02)...
2026-06-08 20:08:30,907 - [ INFO ] - Lendo e empilhando planilha: tratado_vbp_202503vbpbrasil.xlsx (Versão: 2025 - 03)...
2026-06-08 20:08:30,971 - [ INFO ] - Lendo e empilhando planilha: tratado_vbp_202504vbpbrasil.xlsx (Versão: 2025 - 04)...
2026-06-08 20:08:31,089 - [ INFO ] - Lendo e empilhando planilha: tratado_vbp_202505vbpbrasil.xlsx (Versão: 2025 - 05)...
2026-06-08 20:08:31,152 - [ INFO ] - Lendo e empilhando planilha: tratado_vbp_202506vbpbrasil.xlsx (Versão: 2025 - 06)...
2026-06-08 20:08:31,214 - [ INFO ] - Lendo e empilhando planilha: tratado_vbp_202507vbpbrasil.xlsx (Versão: 2025 - 07)...
2026-06-08 20:08:31,275 - [ INFO ] - Lendo e empilhando planilha: tratado_vbp_202508vbpbrasil.xlsx (Versão: 2025 - 08)...
2026-06-08 20:08:31,370 - [ INFO ] - Lendo e empilhando planilha: tratado_vbp_202509vbpbrasil.xlsx (Versão: 2025 - 09)...
2026-06-08 20:08:31,431 - [ INFO ] - Lendo e empilhando planilha: tratado_vbp_202510vbpbrasil1prog.xlsx (Versão: 2025 - 10)...
2026-06-08 20:08:31,495 - [ INFO ] - Lendo e empilhando planilha: tratado_vbp_202511vbpbrasil.xlsx (Versão: 2025 - 11)...
2026-06-08 20:08:31,561 - [ INFO ] - Lendo e empilhando planilha: tratado_vbp_202512vbpbrasil.xlsx (Versão: 2025 - 12)...
2026-06-08 20:08:31,628 - [ INFO ] - Lendo e empilhando planilha: tratado_vbp_202601vbpbrasil.xlsx (Versão: 2026 - 01)...
2026-06-08 20:08:31,747 - [ INFO ] - Lendo e empilhando planilha: tratado_vbp_202602vbpbrasil.xlsx (Versão: 2026 - 02)...
2026-06-08 20:08:31,811 - [ INFO ] - Lendo e empilhando planilha: tratado_vbp_202603vbpbrasil.xlsx (Versão: 2026 - 03)...
2026-06-08 20:08:31,875 - [ INFO ] - Lendo e empilhando planilha: tratado_vbp_202604vbpbrasil.xlsx (Versão: 2026 - 04)...
2026-06-08 20:08:31,942 - [ INFO ] - Lendo e empilhando planilha: tratado_vbp_copy_of_202409vbpbrasil.xlsx (Versão: 2024 - 09)...
2026-06-08 20:08:32,047 - [ INFO ] - Lendo e empilhando planilha: tratado_vbp_dashboardvbp202604.xlsx (Versão: 2026 - 04)...
2026-06-08 20:08:34,195 - [ INFO ] - Consolidação salva: base_consolidada_06-2026.xlsx
2026-06-08 20:08:34,195 - [ INFO ] - --- GERANDO DASHBOARD VISUAL (HTML) ---
2026-06-08 20:08:34,484 - [ INFO ] - Montando painel com o histórico de versões até: 2026 - 04...
2026-06-08 20:08:34,609 - [ INFO ] - Sucesso! Relatório gerado em: /home/runner/work/AGCO-AgriIntel/AGCO-AgriIntel/index.html
